SGX-ReEncrypt-T0-2023-06-23
crash_00019 E4   SEGV 0x5555558567ea // 0x000027ea: mov    rdx,QWORD PTR [rax],             (rax)      = 0x55555578f000 (M:G) /tmp/target_executable (rw-) || 0x55555579a000, b'48:0x7ffff79d2fd0 1 i40 8:0x55555579a000 0'
crash_00027 E3   SEGV 0x555555856aaa // 0x00002aaa: mov    rdx,QWORD PTR [rax],             (rax)      = 0x55555578f000 (M:G) /tmp/target_executable (rw-) || 0x55555579a000, b'48:0x7ffff79d2fd0 1 i40 8:0x55555579a000 0'

WAMR
crash_00009 E1   SEGV 0x555555868bc7 // 0x00014bc7: movzx  eax,BYTE PTR [rax],              (rax)      = 0x55555d70d000 (M:G) || 0x555555ef4000, b'12:0x7ffff79d2ff4 1 i0 4:0x555555ef4000 0'
crash_00097 E0   SEGV 0x5555558dfff1 // 0x0008bff1: mov    rdx,QWORD PTR [rax],             (rax)      = 0x1fc113d1a001d608 (M:G) || 0x555555ef40e8, b'24:0x7ffff79d2fe8 2 C8 256:0x7ffff79d0f00 1 i0 240:0x555555ef4000 0 S16 8'
crash_00142 E0   SEGV 0x55555586a8e7 // 0x000168e7: mov    eax,DWORD PTR [rax],             (rax)      = 0x55555d70d000 (M:G) || 0x555555ef40e8, b'24:0x7ffff79d2fe8 2 C8 223:0x7ffff79d0f21 1 i0 240:0x555555ef4000 0 S16 8'
crash_00163 E0   SEGV 0x5555558692ab // 0x000152ab: mov    eax,DWORD PTR [rax],             (rax)      = 0x0000a001d69f || 0xa001d69f, b'24:0x7ffff79d2fe8 2 C8 4:0x7ffff79d0ffc 0 S16 8'
crash_00168 E0   SEGV 0x5555558d6452 // 0x00082452: cmp    rcx,QWORD PTR [rbx+0x40],        (rbx+0x40) = 0xa01248ba15f1d52a || 0x454545451010105a, b'24:0x7ffff79d2fe8 2 C8 4:0x7ffff79d0ffc 0 S16 8'

TALOS
crash_00417 E205 SEGV 0x55555588a25b // 0x0003625b: push   QWORD PTR [rbx+0x28],            (rbx+0x28) = 0x7ffff7fb7004 (M:G) /tmp/ld_preload_fuzz.so (r--) || 0x555559eb9c40, b'36:0x7ffff79d2fdc 0'
crash_00683 E139 SEGV 0x55555588b6e5 // 0x000376e5: push   QWORD PTR [rbx+0x48],            (rbx+0x48) = 0x7ffff7fb700c (M:G) /tmp/ld_preload_fuzz.so (r--) || 0x555559eb9c38, b'60:0x7ffff79d2fc4 0'
crash_00837 E99  SEGV 0x5555558b16b8 // 0x0005d6b8: add    r12d,DWORD PTR [r15],            (r15)      = 0x555559e60000 (M:G) /tmp/target_executable (rw-) || 0x555559e6a000, b'36:0x7ffff79d2fdc 1 i8 4:0x555559e6a000 0'
crash_00997 E71  SEGV 0x5555558b52cd // 0x000612cd: mov    r12d,DWORD PTR [rdi],            (rdi)      = 0x555559e60000 /tmp/target_executable (rw-) || 0x555559e6a000, b'24:0x7ffff79d2fe8 1 C8 192:0x7ffff79d0f40 2 C144 8:0x7ffff79ceff8 1 C0 100:0x7ffff79ccf9c 1 i0 16:0x555559e6a000 0 C184 24:0x7ffff79cafe8 0'
crash_00996 E71  SEGV 0x5555558b5307 // 0x00061307: movzx  edx,BYTE PTR [rsi],              (rsi)      = 0x7feec1a9b1de0fa1 || 0x7feec1a9b1de0fa1, b'24:0x7ffff79d2fe8 1 C8 192:0x7ffff79d0f40 2 C144 8:0x7ffff79ceff8 1 C0 100:0x7ffff79ccf9c 1 P0 16:0x555555653ff1 0 C184 24:0x7ffff79cafe8 0'
crash_00810 E107 SEGV 0x5555558b5b3a // 0x00061b3a: cmp    DWORD PTR [rbp+0x10],0x1,        (rbp+0x10) = 0x555559e60010 (M:G) /tmp/target_executable (rw-) || 0x555559e6a010, b'24:0x7ffff79d2fe8 1 i8 20:0x555559e6a000 0'
crash_01287 E107 SEGV 0x5555558b5ba4 // 0x00061ba4: mov    BYTE PTR [rax],0x0,          (W) (rax)      = 0x555559e60000 (M:G) /tmp/target_executable (rw-) || 0x555559e6a000, b'24:0x7ffff79d2fe8 2 C8 20:0x7ffff79d0fec 0 C16 16:0x7ffff79ceff0 1 i8 4:0x555559e6a000 0'
crash_00497 E170 SEGV 0x5555558b5c4f // 0x00061c4f: mov    rdi,QWORD PTR [rdi+0x8],         (rdi+0x8)  = 0x555559e60008 (M:G) /tmp/target_executable (rw-) || 0x555559e6a008, b'24:0x7ffff79d2fe8 2 i8 16:0x555559e6a000 0 C16 16:0x7ffff79d0ff0 0'
crash_00919 E72  SEGV 0x5555558bbc01 // 0x00067c01: movzx  ebp,BYTE PTR [rdi],              (rdi)      = 0x7f65646362615a59 || 0x7f65646362615a59, b'32:0x7ffff79d2fe0 2 C8 8:0x7ffff79d0ff8 0 P16 8:0x555555653ff9 0'
crash_01317 E143 SEGV 0x5555558c6a9a // 0x00072a9a: cmp    QWORD PTR [rdi],0x0,             (rdi)      = 0x555559e60000 (M:G) /tmp/target_executable (rw-) || 0x555559e6a000, b'28:0x7ffff79d2fe4 2 C8 8:0x7ffff79d0ff8 1 C0 80:0x7ffff79cefb0 1 C72 4:0x7ffff79ccffc 0 i16 8:0x555559e6a000 0'
crash_01316 E143 SEGV 0x5555558c6b68 // 0x00072b68: mov    rsi,QWORD PTR [rax+0x18],        (rax+0x18) = 0x7fbe7a784b83b5f3 || 0x7fbe7a784b83b5f3, b'28:0x7ffff79d2fe4 2 C8 8:0x7ffff79d0ff8 1 C0 80:0x7ffff79cefb0 1 C72 4:0x7ffff79ccffc 0 P16 8:0x555555653ff9 0'
crash_00987 E71  SEGV 0x5555558c6de8 // 0x00072de8: cmp    QWORD PTR [rdi],0x0,             (rdi)      = 0x555559e60000 (M:G) /tmp/target_executable (rw-) || 0x555559e6a000, b'24:0x7ffff79d2fe8 1 C8 192:0x7ffff79d0f40 2 i144 8:0x555559e6a000 0 C184 24:0x7ffff79cefe8 0'
crash_00662 E151 SEGV 0x5555558c936b // 0x0007536b: mov    eax,DWORD PTR [rdx+rax*1],       (rdx+rax*1) = 0x555559e60000 (M:G) /tmp/target_executable (rw-) || 0x555559e6a000, b'8:0x7ffff79d2ff8 1 i0 4:0x555559e6a000 0'
crash_00986 E71  SEGV 0x5555558c9561 // 0x00075561: mov    edx,DWORD PTR [rbx+0x10],        (rbx+0x10) = 0x7f21c244e8922da9 || 0x7f21c244e8922da9, b'24:0x7ffff79d2fe8 1 C8 192:0x7ffff79d0f40 2 P144 8:0x555555653ff9 0 C184 24:0x7ffff79cefe8 0'
crash_00748 E123 SEGV 0x5555558cae08 // 0x00076e08: mov    eax,DWORD PTR [r12+0x8],         (r12+0x8)  = 0x555559e60008 (M:G) /tmp/target_executable (rw-) || 0x555559e6a008, b'24:0x7ffff79d2fe8 2 C8 8:0x7ffff79d0ff8 1 C0 32:0x7ffff79cefe0 0 i16 12:0x555559e6a000 0'
crash_00753 E123 SEGV 0x5555558caed1 // 0x00076ed1: cmp    DWORD PTR [rax+0x10],r15d,       (rax+0x10) = 0x7fa9edc482101d2a || 0x7fa9edc482101d2a, b'24:0x7ffff79d2fe8 2 C8 8:0x7ffff79d0ff8 1 C0 32:0x7ffff79cefe0 0 C16 12:0x7ffff79ccff4 1 C0 16:0x7ffff79caff0 1 P8 8:0x555555653ff9 0'
crash_00746 E123 SEGV 0x5555558cb24a // 0x0007724a: cmp    QWORD PTR [rdi],rsi,             (rdi)      = 0x555559e60018 (M:G) /tmp/target_executable (rw-) || 0x555559e6a018, b'24:0x7ffff79d2fe8 1 C8 8:0x7ffff79d0ff8 1 i0 32:0x555559e6a000 0'
crash_01498 E102 SEGV 0x5555558cb4db // 0x000774db: call   rax,                         (X) (rax)      = 0x55c105ec97d23513 (M:T =1) || 0x555559eb9c20, b'24:0x7ffff79d2fe8 2 C8 8:0x7ffff79d0ff8 0 C16 24:0x7ffff79cefe8 1 C16 48:0x7ffff79ccfd0 0'
crash_00878 E83  SEGV 0x5555558d0620 // 0x0007c620: mov    DWORD PTR [rbx],0x0,         (W) (rbx)      = 0x555559e60000 (M:G) /tmp/target_executable (rw-) || 0x555559e6a000, b'24:0x7ffff79d2fe8 2 C8 16:0x7ffff79d0ff0 0 i16 4:0x555559e6a000 0'
crash_00880 E83  SEGV 0x5555558d0778 // 0x0007c778: mov    DWORD PTR [rbx],0x1,         (W) (rbx)      = 0x555559eb0000 (M:G) /tmp/target_executable (rw-) || 0x555559eba000, b'24:0x7ffff79d2fe8 2 I8 16:0x555559e6a000 0 i16 4:0x555559eba000 0'
crash_01160 E28  SEGV 0x5555558d07f8 // 0x0007c7f8: call   rax,                         (X) (rax)      = 0xfe4ad588bdb61cd5 (M:T =1) || 0x555559eb9c20, b'16:0x7ffff79d2ff0 1 C8 76:0x7ffff79d0fb4 0'
crash_00478 E184 SEGV 0x5555558d0c45 // 0x0007cc45: call   rbx,                         (X) (rbx)      = 0x6e6d6c6b6a696867 (M:T =1) || 0x555559eb9900, b'40:0x7ffff79d2fd8 1 C8 16:0x7ffff79d0ff0 1 C0 48:0x7ffff79cefd0 0'
crash_00873 E84  SEGV 0x5555558d0dc2 // 0x0007cdc2: call   rbx,                         (X) (rbx)      = 0x6e6d6c6b6a696867 (M:T =1) || 0x555559eb9c10, b'40:0x7ffff79d2fd8 1 C8 16:0x7ffff79d0ff0 1 C0 56:0x7ffff79cefc8 0'
crash_00832 E103 SEGV 0x5555558dd564 // 0x00089564: mov    edx,DWORD PTR [rdi+0x8],         (rdi+0x8)  = 0x555559e60008 (M:G) /tmp/target_executable (rw-) || 0x555559e6a008, b'16:0x7ffff79d2ff0 1 i8 12:0x555559e6a000 0'
crash_00734 E126 SEGV 0x5555558dd6d4 // 0x000896d4: mov    rdi,QWORD PTR [rax+rcx*8],       (rax+rcx*8) = 0x504f4e4feee5dcc9 || 0x504f4e4feee5dcc9, b'16:0x7ffff79d2ff0 1 C8 12:0x7ffff79d0ff4 0'
crash_00813 E106 SEGV 0x5555558dd867 // 0x00089867: mov    esi,DWORD PTR [rsi+0x8],         (rsi+0x8)  = 0x555559e60008 (M:G) /tmp/target_executable (rw-) || 0x555559e6a008, b'16:0x7ffff79d2ff0 1 i8 12:0x555559e6a000 0'
crash_01276 E106 SEGV 0x5555558dd8a0 // 0x000898a0: mov    r9,QWORD PTR [rdx],              (rdx)      = 0x555559e60000 /tmp/target_executable (rw-) || 0x555559e6a000, b'16:0x7ffff79d2ff0 1 C8 12:0x7ffff79d0ff4 1 i0 16:0x555559e6a000 0'
crash_01270 E106 SEGV 0x5555558dd90c // 0x0008990c: mov    QWORD PTR [rdi+0x10],rax,    (W) (rdi+0x10) = 0x000000000010 || 0x10, b'16:0x7ffff79d2ff0 1 C8 12:0x7ffff79d0ff4 1 C0 24:0x7ffff79cefe8 0'
crash_01272 E106 SEGV 0x5555558dd914 // 0x00089914: mov    QWORD PTR [rdi+0x8],rax,     (W) (rdi+0x8)  = 0x000000000008 || 0x8, b'16:0x7ffff79d2ff0 1 C8 12:0x7ffff79d0ff4 1 C0 24:0x7ffff79cefe8 0'
crash_00830 E106 SEGV 0x5555558dd91b // 0x0008991b: mov    QWORD PTR [rdi],rax,         (W) (rdi)      = 0x000000000000 || 0x0, b'16:0x7ffff79d2ff0 1 C8 12:0x7ffff79d0ff4 1 C0 8:0x7ffff79ceff8 0'
crash_00460 E197 SEGV 0x5555558ddb50 // 0x00089b50: mov    eax,DWORD PTR [rdi+0xc],         (rdi+0xc)  = 0x555559e6000c (M:G) /tmp/target_executable (rw-) || 0x555559e6a00c, b'24:0x7ffff79d2fe8 2 C8 8:0x7ffff79d0ff8 1 i0 24:0x555559e6a000 0 C16 4:0x7ffff79ceffc 0'
crash_01406 E197 SEGV 0x5555558ddb61 // 0x00089b61: mov    QWORD PTR [rax],rbp,         (W) (rax)      = 0x555559e60000 /tmp/target_executable (rw-) || 0x555559e6a000, b'24:0x7ffff79d2fe8 2 C8 8:0x7ffff79d0ff8 1 C0 24:0x7ffff79cefe8 1 i0 168:0x555559e6a000 0 C16 412:0x7ffff79cce64 0'
crash_00499 E170 SEGV 0x5555558ddbf5 // 0x00089bf5: cmp    DWORD PTR [r12+0xc],r13d,        (r12+0xc)  = 0x555559e6000c (M:G) /tmp/target_executable (rw-) || 0x555559e6a00c, b'24:0x7ffff79d2fe8 2 C8 16:0x7ffff79d0ff0 0 i16 16:0x555559e6a000 0'
crash_01381 E170 SEGV 0x5555558ddc28 // 0x00089c28: movzx  edx,BYTE PTR [rbx],              (rbx)      = 0x555559e60000 (M:G) /tmp/target_executable (rw-) || 0x555559e6a000, b'24:0x7ffff79d2fe8 2 C8 16:0x7ffff79d0ff0 2 i8 4:0x555559e6a000 0 S0 8 C16 20:0x7ffff79cefec 1 C0 8:0x7ffff79ccff8 0'
crash_01383 E170 SEGV 0x5555558ddc4a // 0x00089c4a: mov    QWORD PTR [rdx+rsi*8],rax,   (W) (rdx+rsi*8) = 0x555559e60000 (M:G) /tmp/target_executable (rw-) || 0x555559e6a000, b'24:0x7ffff79d2fe8 2 C8 16:0x7ffff79d0ff0 2 C8 4:0x7ffff79ceffc 0 S0 8 C16 20:0x7ffff79ccfec 1 i0 8:0x555559e6a000 0'
crash_00619 E153 SEGV 0x5555558ddf9d // 0x00089f9d: and    QWORD PTR [rsi+rax*8],rdx,       (rsi+rax*8) = 0x6a6968676feecdab || 0x6a6968676feecdab, b'52:0x7ffff79d2fcc 3 C8 12:0x7ffff79d0ff4 0 C24 4:0x7ffff79ceffc 0 C40 36:0x7ffff79ccfdc 0'
crash_00733 E127 SEGV 0x5555558de00c // 0x0008a00c: mov    rax,QWORD PTR [rax+rdx*8],       (rax+rdx*8) = 0xf558f2be46ce3786 || 0xf558f2be46ce3786, b'24:0x7ffff79d2fe8 1 C8 12:0x7ffff79d0ff4 0'
crash_00441 E197 SEGV 0x5555558e361b // 0x0008f61b: movzx  ebx,BYTE PTR [rsi],              (rsi)      = 0x555559e60000 (M:G) /tmp/target_executable (rw-) || 0x555559e6a000, b'24:0x7ffff79d2fe8 1 i16 4:0x555559e6a000 0'
crash_00756 E123 SEGV 0x5555558e63fb // 0x000923fb: mov    rdi,QWORD PTR [rdi],             (rdi)      = 0x000000000000 || 0x0, b'24:0x7ffff79d2fe8 2 C8 8:0x7ffff79d0ff8 1 C0 32:0x7ffff79cefe0 0 I16 12:0x555559e6a000 1 C0 16:0x7ffff79ccff0 1 C8 8:0x7ffff79caff8 0'
crash_00492 E172 SEGV 0x5555558f4e29 // 0x000a0e29: call   rax,                         (X) (rax)      = 0xda95d337131e12c4 (M:T =1) || 0x555559eb9c30, b'8:0x7ffff79d2ff8 1 C0 128:0x7ffff79d0f80 1 C120 48:0x7ffff79cefd0 0'
crash_00506 E167 SEGV 0x555555900639 // 0x000ac639: call   rax,                         (X) (rax)      = 0x7fe51d4f0748fdd6 (M:T =1) || 0x555559eb9c30, b'8:0x7ffff79d2ff8 1 C0 8:0x7ffff79d0ff8 1 C0 24:0x7ffff79cefe8 0'
crash_01447 E199 SEGV 0x55555590c031 // 0x000b8031: mov    rbp,QWORD PTR [rdi],             (rdi)      = 0x555559e60000 (M:G) /tmp/target_executable (rw-) || 0x555559e6a000, b'16:0x7ffff79d2ff0 1 i8 8:0x555559e6a000 0'
crash_00439 E198 SEGV 0x55555590c131 // 0x000b8131: mov    rbp,QWORD PTR [rdi+0x8],         (rdi+0x8)  = 0x555559e60008 (M:G) /tmp/target_executable (rw-) || 0x555559e6a008, b'16:0x7ffff79d2ff0 1 i8 16:0x555559e6a000 0'
crash_01309 E124 SEGV 0x55555590e83a // 0x000ba83a: call   rax,                         (X) (rax)      = 0x781629eb92d92228 (M:T =1) || 0x555559eb9b00, b'32:0x7ffff79d2fe0 2 C8 24:0x7ffff79d0fe8 1 C0 100:0x7ffff79cef9c 0 C16 32:0x7ffff79ccfe0 2 C16 4:0x7ffff79caffc 0 C24 180:0x7ffff79c8f4c 0'
crash_01135 E39  SEGV 0x555555912fe2 // 0x000befe2: mov    eax,DWORD PTR [rax],             (rax)      = 0x555559e60000 (M:G) /tmp/target_executable (rw-) || 0x555559e6a000, b'32:0x7ffff79d2fe0 1 C8 24:0x7ffff79d0fe8 1 i0 4:0x555559e6a000 0'
crash_01133 E40  SEGV 0x555555913294 // 0x000bf294: jmp    QWORD PTR [rdi+0x28],            (rdi+0x28) = 0x7ffff7fb4ff8 (M:G) /tmp/ld_preload_fuzz.so (r--) || 0x0, b'32:0x7ffff79d2fe0 1 C8 48:0x7ffff79d0fd0 0'
crash_01118 E45  SEGV 0x5555559132b8 // 0x000bf2b8: mov    rax,QWORD PTR [rdi],             (rdi)      = 0x555559e60000 (M:G) /tmp/target_executable (rw-) || 0x555559e6a000, b'32:0x7ffff79d2fe0 1 i8 8:0x555559e6a000 0'
crash_01117 E45  SEGV 0x5555559132bb // 0x000bf2bb: cmp    DWORD PTR [rax+0x8],0x40,        (rax+0x8)  = 0x7f65646362615a61 || 0x7f65646362615a61, b'32:0x7ffff79d2fe0 1 P8 8:0x555555653ff9 0'
crash_01110 E46  SEGV 0x55555591338b // 0x000bf38b: call   QWORD PTR [rax+0x38],            (rax+0x38) = 0x7ffff7fb2ff8 (M:G) /tmp/ld_preload_fuzz.so (r--) || 0x555559eb9c20, b'8:0x7ffff79d2ff8 1 C0 20:0x7ffff79d0fec 1 C0 64:0x7ffff79cefc0 0'
crash_00688 E137 SEGV 0x55555591d144 // 0x000c9144: mov    eax,DWORD PTR [rdi],             (rdi)      = 0x555559e60000 (M:G) /tmp/target_executable (rw-) || 0x555559e6a000, b'16:0x7ffff79d2ff0 1 i8 4:0x555559e6a000 0'
crash_01269 E94  SEGV 0x55555591f439 // 0x000cb439: call   rax,                         (X) (rax)      = 0x3eb9e4719b864dac (M:T =1) || 0x555559eb9c20, b'8:0x7ffff79d2ff8 1 C0 24:0x7ffff79d0fe8 1 C16 168:0x7ffff79cef58 0'
crash_00423 E202 SEGV 0x55555591f5db // 0x000cb5db: jmp    rax,                         (X) (rax)      = 0x578ea6eaef68004c (M:T =1) || 0x0, b'16:0x7ffff79d2ff0 1 C8 24:0x7ffff79d0fe8 1 C16 104:0x7ffff79cef98 0'
crash_01267 E93  SEGV 0x55555591f7b4 // 0x000cb7b4: mov    eax,DWORD PTR [rsi],             (rsi)      = 0x555559e60000 (M:G) /tmp/target_executable (rw-) || 0x555559e6a000, b'24:0x7ffff79d2fe8 2 C8 8:0x7ffff79d0ff8 1 C0 56:0x7ffff79cefc8 1 C48 24:0x7ffff79ccfe8 1 C16 12:0x7ffff79caff4 0 i16 4:0x555559e6a000 0'
crash_01115 E46  SEGV 0x5555559217fe // 0x000cd7fe: call   rax,                         (X) (rax)      = 0xe2a1cc01a93b72db (M:T =1) || 0x555559eb9c10, b'8:0x7ffff79d2ff8 1 C0 40:0x7ffff79d0fd8 2 I0 64:0x555559e6a000 0 C32 8:0x7ffff79ceff8 1 C0 32:0x7ffff79ccfe0 0'
crash_00889 E79  SEGV 0x55555592c9a9 // 0x000d89a9: movzx  ecx,BYTE PTR [rdi],              (rdi)      = 0x555559e60000 /tmp/target_executable (rw-) || 0x555559e6a000, b'16:0x7ffff79d2ff0 1 i8 40:0x555559e6a000 0'
crash_00911 E76  SEGV 0x55555592dbaf // 0x000d9baf: mov    QWORD PTR [rdi],rax,         (W) (rdi)      = 0x80006f52c612 || 0x80006ef48612, b'32:0x7ffff79d2fe0 2 C8 92:0x7ffff79d0fa4 0 C16 8:0x7ffff79ceff8 0'
crash_00907 E77  SEGV 0x55555592dc85 // 0x000d9c85: mov    BYTE PTR [rsi+rax*1+0x18],0x80, (W) (rsi+rax*1+0x18) = 0x80006f52c612 || 0x80006ef48612, b'24:0x7ffff79d2fe8 1 C16 92:0x7ffff79d0fa4 0'
crash_00912 E75  SEGV 0x55555592ddd4 // 0x000d9dd4: mov    QWORD PTR [rdi+0x10],0x0,    (W) (rdi+0x10) = 0x555559e60010 /tmp/target_executable (rw-) || 0x555559e6a010, b'16:0x7ffff79d2ff0 1 i8 92:0x555559e6a000 0'
crash_00765 E120 SEGV 0x5555559329d6 // 0x000de9d6: mov    r8d,DWORD PTR [rdi+0x10],        (rdi+0x10) = 0x555559e60010 (M:G) /tmp/target_executable (rw-) || 0x555559e6a010, b'16:0x7ffff79d2ff0 1 i8 20:0x555559e6a000 0'
crash_01222 E20  SEGV 0x555555951119 // 0x000fd119: mov    QWORD PTR [rdi+rdx*8],r12,   (W) (rdi+rdx*8) = 0xa3379cf351458438 || 0xa3379cf351458438, b'32:0x7ffff79d2fe0 1 C8 48:0x7ffff79d0fd0 1 C40 24:0x7ffff79cefe8 0'
crash_00804 E110 SEGV 0x5555559513f9 // 0x000fd3f9: mov    eax,DWORD PTR [rdi],             (rdi)      = 0x555559e60000 (M:G) /tmp/target_executable (rw-) || 0x555559e6a000, b'20:0x7ffff79d2fec 1 C8 8:0x7ffff79d0ff8 1 i0 4:0x555559e6a000 0'
crash_00754 E123 SEGV 0x555555951458 // 0x000fd458: mov    rax,QWORD PTR [rax+rsi*8],       (rax+rsi*8) = 0x555559e60000 (M:G) /tmp/target_executable (rw-) || 0x555559e6a000, b'24:0x7ffff79d2fe8 2 C8 8:0x7ffff79d0ff8 1 C0 32:0x7ffff79cefe0 0 C16 12:0x7ffff79ccff4 1 C0 16:0x7ffff79caff0 1 i8 8:0x555559e6a000 0'
crash_01220 E20  SEGV 0x555555951488 // 0x000fd488: mov    QWORD PTR [rax+rsi*8],rdx,   (W) (rax+rsi*8) = 0x597a8017a6f8df34 || 0x597a8017a6f8df34, b'32:0x7ffff79d2fe0 1 C8 48:0x7ffff79d0fd0 1 C40 24:0x7ffff79cefe8 0'
crash_00846 E96  SEGV 0x555555959794 // 0x00105794: mov    rax,QWORD PTR [rdi],             (rdi)      = 0x555559e60000 (M:G) /tmp/target_executable (rw-) || 0x555559e6a000, b'16:0x7ffff79d2ff0 1 i8 8:0x555559e6a000 0'
crash_00845 E96  SEGV 0x555555959797 // 0x00105797: mov    rax,QWORD PTR [rax+0x28],        (rax+0x28) = 0x7f4f4e4d4c4b4a71 || 0x7f4f4e4d4c4b4a71, b'16:0x7ffff79d2ff0 1 P8 8:0x555555653ff9 0'
crash_00773 E118 SEGV 0x5555559597b7 // 0x001057b7: mov    rax,QWORD PTR [rax+0x30],        (rax+0x30) = 0x555559e60030 (M:G) /tmp/target_executable (rw-) || 0x555559e6a030, b'16:0x7ffff79d2ff0 1 C8 8:0x7ffff79d0ff8 1 i0 56:0x555559e6a000 0'
crash_00772 E118 SEGV 0x5555559597bb // 0x001057bb: mov    rax,QWORD PTR [rax],             (rax)      = 0x7f1af693199b66f6 || 0x7f1af693199b66f6, b'16:0x7ffff79d2ff0 1 C8 8:0x7ffff79d0ff8 1 P0 56:0x555555653fc9 0'
crash_00762 E121 SEGV 0x55555595a024 // 0x00106024: mov    rax,QWORD PTR [rdi],             (rdi)      = 0x555559e60000 (M:G) /tmp/target_executable (rw-) || 0x555559e6a000, b'24:0x7ffff79d2fe8 1 i8 8:0x555559e6a000 0'
crash_00761 E121 SEGV 0x55555595a027 // 0x00106027: mov    rdi,QWORD PTR [rax+0x48],        (rax+0x48) = 0x7f57565554535299 || 0x7f57565554535299, b'24:0x7ffff79d2fe8 1 P8 8:0x555555653ff9 0'
crash_00759 E122 SEGV 0x55555595a064 // 0x00106064: mov    rax,QWORD PTR [rdi],             (rdi)      = 0x555559e60000 (M:G) /tmp/target_executable (rw-) || 0x555559e6a000, b'20:0x7ffff79d2fec 1 i8 8:0x555559e6a000 0'
crash_00758 E122 SEGV 0x55555595a067 // 0x00106067: mov    rdi,QWORD PTR [rax+0x48],        (rax+0x48) = 0x7f535251504f4e95 || 0x7f535251504f4e95, b'20:0x7ffff79d2fec 1 P8 8:0x555555653ff9 0'
crash_00861 E89  SEGV 0x55555595a834 // 0x00106834: mov    rbp,QWORD PTR [rdi+0x10],        (rdi+0x10) = 0x7f6d6c6b6a696877 || 0x7f6d6c6b6a696877, b'16:0x7ffff79d2ff0 1 P8 32:0x555555653fe1 0'
crash_00702 E132 SEGV 0x55555595b884 // 0x00107884: mov    rax,QWORD PTR [rdi],             (rdi)      = 0x555559e60000 (M:G) /tmp/target_executable (rw-) || 0x555559e6a000, b'16:0x7ffff79d2ff0 1 i8 8:0x555559e6a000 0'
crash_00701 E132 SEGV 0x55555595b887 // 0x00107887: mov    rax,QWORD PTR [rax+0x30],        (rax+0x30) = 0x7f4f4e4d4c4b4a79 || 0x7f4f4e4d4c4b4a79, b'16:0x7ffff79d2ff0 1 P8 8:0x555555653ff9 0'
crash_00781 E116 SEGV 0x55555595c1d5 // 0x001081d5: mov    rax,QWORD PTR [rax+0x20],        (rax+0x20) = 0x555559e60020 (M:G) /tmp/target_executable (rw-) || 0x555559e6a020, b'24:0x7ffff79d2fe8 1 C8 8:0x7ffff79d0ff8 1 i0 40:0x555559e6a000 0'
crash_00780 E116 SEGV 0x55555595c1e1 // 0x001081e1: cmp    QWORD PTR [rax],rsi,             (rax)      = 0x7fa4f6c62a934618 || 0x7fa4f6c62a934618, b'24:0x7ffff79d2fe8 1 C8 8:0x7ffff79d0ff8 1 P0 40:0x555555653fd9 0'
crash_00785 E114 SEGV 0x55555595d784 // 0x00109784: mov    rax,QWORD PTR [rdi],             (rdi)      = 0x555559e60000 (M:G) /tmp/target_executable (rw-) || 0x555559e6a000, b'16:0x7ffff79d2ff0 1 i8 8:0x555559e6a000 0'
crash_00784 E114 SEGV 0x55555595d787 // 0x00109787: mov    rax,QWORD PTR [rax+0x20],        (rax+0x20) = 0x7f4f4e4d4c4b4a69 || 0x7f4f4e4d4c4b4a69, b'16:0x7ffff79d2ff0 1 P8 8:0x555555653ff9 0'
crash_00684 E140 SEGV 0x555555961429 // 0x0010d429: mov    rax,QWORD PTR [rdi+0x8],         (rdi+0x8)  = 0x555559e60008 (M:G) /tmp/target_executable (rw-) || 0x555559e6a008, b'16:0x7ffff79d2ff0 1 i8 16:0x555559e6a000 0'
crash_00740 E124 SEGV 0x555555962141 // 0x0010e141: mov    DWORD PTR [rax+0x60],0x1,    (W) (rax+0x60) = 0x555559e60060 (M:G) /tmp/target_executable (rw-) || 0x555559e6a060, b'32:0x7ffff79d2fe0 1 C8 24:0x7ffff79d0fe8 1 i0 100:0x555559e6a000 0'
crash_00481 E182 SEGV 0x555555965359 // 0x00111359: mov    rax,QWORD PTR [rdi+0x8],         (rdi+0x8)  = 0x555559e60008 (M:G) /tmp/target_executable (rw-) || 0x555559e6a008, b'16:0x7ffff79d2ff0 1 i8 16:0x555559e6a000 0'
crash_00694 E133 SEGV 0x555555972426 // 0x0011e426: movzx  ecx,BYTE PTR [rax],              (rax)      = 0x555559e60000 (M:G) /tmp/target_executable (rw-) || 0x555559e6a000, b'24:0x7ffff79d2fe8 1 i8 4:0x555559e6a000 0'
crash_00979 E71  SEGV 0x555555988eb7 // 0x00134eb7: mov    rax,QWORD PTR [rax+0x10],        (rax+0x10) = 0x555559e60010 (M:G) /tmp/target_executable (rw-) || 0x555559e6a010, b'24:0x7ffff79d2fe8 1 C8 192:0x7ffff79d0f40 1 i184 24:0x555559e6a000 0'
crash_00917 E72  SEGV 0x555555989600 // 0x00135600: mov    r12,QWORD PTR [rdi],             (rdi)      = 0x555559e60000 (M:G) /tmp/target_executable (rw-) || 0x555559e6a000, b'32:0x7ffff79d2fe0 2 i8 8:0x555559e6a000 0 C16 8:0x7ffff79d0ff8 0'
crash_00664 E149 SEGV 0x55555598acfd // 0x00136cfd: cmp    QWORD PTR [rdi],0x0,             (rdi)      = 0x0000000000f8 || 0xf8, b'24:0x7ffff79d2fe8 0'
crash_01121 E43  SEGV 0x55555598b0f4 // 0x001370f4: mov    rax,QWORD PTR [rdi+0xf8],        (rdi+0xf8) = 0x555559e600f8 (M:G) /tmp/target_executable (rw-) || 0x555559e6a0f8, b'16:0x7ffff79d2ff0 1 i8 256:0x555559e6a000 0'
crash_01156 E31  SEGV 0x55555598c6a9 // 0x001386a9: call   QWORD PTR [r12+0xa8],            (r12+0xa8) = 0x58575655545352f9 (M:T ~1) || 0x555559eb9ba0, b'24:0x7ffff79d2fe8 1 C8 8:0x7ffff79d0ff8 0'
crash_00672 E146 SEGV 0x55555598d2e4 // 0x001392e4: mov    rbp,QWORD PTR [rdi+0x8],         (rdi+0x8)  = 0x555559e60008 (M:G) /tmp/target_executable (rw-) || 0x555559e6a008, b'16:0x7ffff79d2ff0 1 i8 16:0x555559e6a000 0'
crash_00704 E131 SEGV 0x55555598db0a // 0x00139b0a: mov    DWORD PTR [rsi+0x48],eax,    (W) (rsi+0x48) = 0x000000000048 || 0x48, b'16:0x7ffff79d2ff0 1 C0 76:0x7ffff79d0fb4 0'
crash_00414 E0   SEGV 0x55555598dbb7 // 0x00139bb7: mov    DWORD PTR [rdi+0x48],eax,    (W) (rdi+0x48) = 0x000000000048 || 0x48, b'28:0x7ffff79d2fe4 1 C8 76:0x7ffff79d0fb4 0'
crash_01214 E11  SEGV 0x55555598f223 // 0x0013b223: jmp    QWORD PTR [rax+0x88],            (rax+0x88) = 0x7ffff7fb2ff0 /tmp/ld_preload_fuzz.so (r--) || 0x7ffff79ceff0, b'40:0x7ffff79d2fd8 1 C8 8:0x7ffff79d0ff8 1 C0 152:0x7ffff79cef68 0'
crash_00623 E154 SEGV 0x55555598fb6e // 0x0013bb6e: movzx  ebp,BYTE PTR [r13+0x0],          (r13+0x0)  = 0x555559e60000 (M:G) /tmp/target_executable (rw-) || 0x555559e6a000, b'52:0x7ffff79d2fcc 3 C8 8:0x7ffff79d0ff8 0 i24 4:0x555559e6a000 0 C40 32:0x7ffff79cefe0 0'
crash_00626 E154 SEGV 0x55555598fba5 // 0x0013bba5: movzx  ebx,BYTE PTR [r15+rax*1],        (r15+rax*1) = 0x55555b52a000 [heap] (rw-) || 0x55555b545000, b'52:0x7ffff79d2fcc 3 C8 8:0x7ffff79d0ff8 0 C24 4:0x7ffff79ceffc 0 P40 32:0x555555653fe1 0'
crash_00648 E154 SEGV 0x55555598fbda // 0x0013bbda: mov    QWORD PTR [rcx],rdx,         (W) (rcx)      = 0x555559e60000 (M:G) /tmp/target_executable (rw-) || 0x555559e6a000, b'52:0x7ffff79d2fcc 4 i8 8:0x555559e6a000 0 C16 4:0x7ffff79d0ffc 0 C24 4:0x7ffff79ceffc 0 I40 56:0x555559eba000 0'
crash_00650 E154 SEGV 0x55555598fbe5 // 0x0013bbe5: mov    BYTE PTR [rdi],dl,           (W) (rdi)      = 0x555559e60000 (M:G) /tmp/target_executable (rw-) || 0x555559e6a000, b'52:0x7ffff79d2fcc 4 C8 8:0x7ffff79d0ff8 0 i16 4:0x555559e6a000 0 C24 4:0x7ffff79ceffc 0 I40 56:0x555559eba000 0'
crash_01216 E9   SEGV 0x555555990069 // 0x0013c069: call   QWORD PTR [rbx+0xc0],            (rbx+0xc0) = 0x504f4e4d4c4b4b09 (M:T ~1) || 0x555559eb9c20, b'16:0x7ffff79d2ff0 0'
crash_01157 E30  SEGV 0x555555990482 // 0x0013c482: mov    QWORD PTR [rdi+0xa8],rax,    (W) (rdi+0xa8) = 0x555559e600a8 (M:G) /tmp/target_executable (rw-) || 0x555559e6a0a8, b'16:0x7ffff79d2ff0 1 i0 176:0x555559e6a000 0'
crash_00858 E91  SEGV 0x5555559904c2 // 0x0013c4c2: mov    QWORD PTR [rdi+0x98],rax,    (W) (rdi+0x98) = 0x555559e60098 (M:G) /tmp/target_executable (rw-) || 0x555559e6a0a0, b'24:0x7ffff79d2fe8 1 i0 168:0x555559e6a000 0'
crash_01086 E55  SEGV 0x555555990fe7 // 0x0013cfe7: mov    eax,DWORD PTR [rbp+0x28],        (rbp+0x28) = 0x000000000028 || 0x28, b'20:0x7ffff79d2fec 0'
crash_01090 E55  SEGV 0x555555991028 // 0x0013d028: test   BYTE PTR [rbp+0x44],0x2,         (rbp+0x44) = 0x000000000044 || 0x44, b'20:0x7ffff79d2fec 0'
crash_01089 E54  SEGV 0x555555991165 // 0x0013d165: cmp    QWORD PTR [rdi+0x30],0x0,        (rdi+0x30) = 0x000000000030 || 0x30, b'16:0x7ffff79d2ff0 0'
crash_01032 E62  SEGV 0x5555559912a4 // 0x0013d2a4: mov    eax,DWORD PTR [rdi],             (rdi)      = 0x555559e60000 (M:G) /tmp/target_executable (rw-) || 0x555559e6a000, b'16:0x7ffff79d2ff0 1 i8 4:0x555559e6a000 0'
crash_01018 E68  SEGV 0x555555991ee4 // 0x0013dee4: mov    eax,DWORD PTR [rax+0x180],       (rax+0x180) = 0x000000000180 || 0x180, b'8:0x7ffff79d2ff8 0'
crash_01095 E53  SEGV 0x5555559922e2 // 0x0013e2e2: mov    QWORD PTR [rdi+0x44],rax,    (W) (rdi+0x44) = 0x000000000044 || 0x44, b'8:0x7ffff79d2ff8 0'
crash_00511 E164 SEGV 0x555555992412 // 0x0013e412: mov    QWORD PTR [rdi+0x44],rax,    (W) (rdi+0x44) = 0x000000000044 || 0x44, b'8:0x7ffff79d2ff8 0'
crash_00510 E165 SEGV 0x55555599254a // 0x0013e54a: mov    rax,QWORD PTR [rax+0xf8],        (rax+0xf8) = 0x0000000000f8 || 0xf8, b'16:0x7ffff79d2ff0 0'
crash_00436 E200 SEGV 0x5555559927e2 // 0x0013e7e2: mov    rax,QWORD PTR [rax+0xf8],        (rax+0xf8) = 0x0000000000f8 || 0xf8, b'16:0x7ffff79d2ff0 0'
crash_01020 E66  SEGV 0x555555992a34 // 0x0013ea34: mov    DWORD PTR [rdi+0x40],esi,    (W) (rdi+0x40) = 0x555559e60040 (M:G) /tmp/target_executable (rw-) || 0x555559e6a040, b'12:0x7ffff79d2ff4 1 i0 68:0x555559e6a000 0'
crash_00862 E89  SEGV 0x555555992c34 // 0x0013ec34: mov    rdi,QWORD PTR [rdi+0x18],        (rdi+0x18) = 0x555559e60018 (M:G) /tmp/target_executable (rw-) || 0x555559e6a018, b'16:0x7ffff79d2ff0 1 i8 32:0x555559e6a000 0'
crash_00514 E161 SEGV 0x555555992ec4 // 0x0013eec4: mov    rax,QWORD PTR [rdi+0x18],        (rdi+0x18) = 0x555559e60018 (M:G) /tmp/target_executable (rw-) || 0x555559e6a018, b'16:0x7ffff79d2ff0 1 i8 32:0x555559e6a000 0'
crash_01503 E73  SEGV 0x555555994a4c // 0x00140a4c: mov    eax,DWORD PTR [rdi+0x38],        (rdi+0x38) = 0x555559e60038 (M:G) /tmp/target_executable (rw-) || 0x555559e6a038, b'24:0x7ffff79d2fe8 2 i0 64:0x555559e6a000 0 C16 4:0x7ffff79d0ffc 0'
crash_01505 E73  SEGV 0x555555994a56 // 0x00140a56: mov    DWORD PTR [rdx],eax,         (W) (rdx)      = 0x555559e60000 (M:G) /tmp/target_executable (rw-) || 0x555559e6a000, b'24:0x7ffff79d2fe8 2 C0 64:0x7ffff79d0fc0 0 i16 4:0x555559e6a000 0'
crash_00657 E152 SEGV 0x555555995889 // 0x00141889: mov    QWORD PTR [rdi+0xa0],rsi,    (W) (rdi+0xa0) = 0x555559e600a0 (M:G) /tmp/target_executable (rw-) || 0x555559e6a0a0, b'24:0x7ffff79d2fe8 1 i8 168:0x555559e6a000 0'
crash_01138 E36  SEGV 0x555555995a29 // 0x00141a29: mov    rax,QWORD PTR [rdi+0x48],        (rdi+0x48) = 0x555559e60048 (M:G) /tmp/target_executable (rw-) || 0x555559e6a048, b'24:0x7ffff79d2fe8 1 i8 80:0x555559e6a000 0'
crash_01500 E74  SEGV 0x555555995a69 // 0x00141a69: mov    rax,QWORD PTR [rdi+0x48],        (rdi+0x48) = 0x555559e60048 (M:G) /tmp/target_executable (rw-) || 0x555559e6a048, b'16:0x7ffff79d2ff0 1 i8 80:0x555559e6a000 0'
crash_01105 E48  SEGV 0x555555995ce4 // 0x00141ce4: mov    QWORD PTR [rdi+0x50],rsi,    (W) (rdi+0x50) = 0x555559e60050 (M:G) /tmp/target_executable (rw-) || 0x555559e6a050, b'16:0x7ffff79d2ff0 1 i0 88:0x555559e6a000 0'
crash_01101 E50  SEGV 0x555555995d14 // 0x00141d14: mov    QWORD PTR [rdi+0x58],rsi,    (W) (rdi+0x58) = 0x555559e60058 (M:G) /tmp/target_executable (rw-) || 0x555559e6a058, b'16:0x7ffff79d2ff0 1 i0 96:0x555559e6a000 0'
crash_01103 E49  SEGV 0x555555995d44 // 0x00141d44: mov    QWORD PTR [rdi+0x60],rsi,    (W) (rdi+0x60) = 0x555559e60060 (M:G) /tmp/target_executable (rw-) || 0x555559e6a060, b'16:0x7ffff79d2ff0 1 i0 104:0x555559e6a000 0'
crash_01211 E12  SEGV 0x555555995d85 // 0x00141d85: mov    QWORD PTR [rdi+0xf0],rax,    (W) (rdi+0xf0) = 0x555559e600f0 (M:G) /tmp/target_executable (rw-) || 0x555559e6a0f0, b'16:0x7ffff79d2ff0 1 i0 248:0x555559e6a000 0'
crash_00669 E147 SEGV 0x555555995f74 // 0x00141f74: mov    edx,DWORD PTR [rdi+0x48],        (rdi+0x48) = 0x555559e60048 (M:G) /tmp/target_executable (rw-) || 0x555559e6a048, b'16:0x7ffff79d2ff0 1 i8 76:0x555559e6a000 0'
crash_01055 E61  SEGV 0x55555599d840 // 0x00149840: mov    BYTE PTR [rdi-0x1],dl,       (W) (rdi-0x1)  = 0x555559e60000 (M:G) /tmp/target_executable (rw-) || 0x555559e6a000, b'32:0x7ffff79d2fe0 3 C8 80:0x7ffff79d0fb0 1 C8 612:0x7ffff79ced9c 0 i16 4:0x555559e6a000 0 S24 16'
crash_00904 E78  SEGV 0x5555559a7a2b // 0x00153a2b: mov    rdx,QWORD PTR [rdi-0x8],         (rdi-0x8)  = 0xc33642ebdbd5eaa7 || 0xc33642ebdbd5eaa7, b'8:0x7ffff79d2ff8 1 C0 376:0x7ffff79d0e88 1 C368 56:0x7ffff79cefc8 1 C48 16:0x7ffff79ccff0 0'
crash_00661 E151 SEGV 0x5555559a7a42 // 0x00153a42: cmp    rcx,QWORD PTR [rbx+0x40],        (rbx+0x40) = 0x27b3a113129f1238 || 0x4545454510101058, b'8:0x7ffff79d2ff8 1 I0 4:0x555559e6a000 0'
crash_01224 E20  SEGV 0x5555559a84df // 0x001544df: mov    rdi,QWORD PTR [rdi-0x8],         (rdi-0x8)  = 0x9dfc46e3ee9df159 || 0x9dfc46e3ee9df159, b'32:0x7ffff79d2fe0 1 C8 48:0x7ffff79d0fd0 1 C40 24:0x7ffff79cefe8 0'
crash_01286 E107 SEGV 0x5555559a850c // 0x0015450c: cmp    rcx,QWORD PTR [rbx+0x40],        (rbx+0x40) = 0x9e4a3330a0f16ff8 || 0x4545454510101058, b'24:0x7ffff79d2fe8 2 C8 20:0x7ffff79d0fec 0 C16 16:0x7ffff79ceff0 1 C8 4:0x7ffff79ccffc 0'
crash_00711 E130 SEGV 0x5555559a9f34 // 0x00155f34: mov    BYTE PTR [rax+rcx*1],dil,    (W) (rax+rcx*1) = 0x555559e60000 /tmp/target_executable (rw-) || 0x555559e6a000, b'24:0x7ffff79d2fe8 1 i16 56:0x555559e6a000 0'
crash_01493 E113 SEGV 0x5555559ade20 // 0x00159e20: rep movs BYTE PTR es:[rdi],BYTE PTR ds:[rsi],     (rsi)      = 0x555559e60000 (M:G) /tmp/target_executable (rw-) || 0x555559e6a000, b'48:0x7ffff79d2fd0 2 i24 4:0x555559e6a000 0 S32 24'
crash_00543 E159 SEGV 0x5555559adfe0 // 0x00159fe0: mov    al,BYTE PTR [rdi],               (rdi)      = 0x555559e60000 /tmp/target_executable (rw-) || 0x555559e6a000, b'16:0x7ffff79d2ff0 1 i8 180:0x555559e6a000 0'
crash_00516 E160 SEGV 0x5555559ae061 // 0x0015a061: mov    rdx,QWORD PTR [rax],             (rax)      = 0x504f4e4d4c4b4a48 || 0x504f4e4d4c4b4a48, b'32:0x7ffff79d2fe0 0'